<?xml version="1.0" encoding="UTF-8"?>
<!-- Generated by org.testng.reporters.JUnitReportReporter -->
<testsuite skipped="0" hostname="DESKTOP-SM48EEK" name="com.guru99.demo.testcases.ApachePOIpractice" tests="1" failures="0" timestamp="14 May 2021 11:28:20 GMT" time="0.078" errors="0">
  <testcase name="getExcelData" time="0.078" classname="com.guru99.demo.testcases.ApachePOIpractice"/>
</testsuite> <!-- com.guru99.demo.testcases.ApachePOIpractice -->
